<?xml version="1.0" encoding="UTF-8"?>
<testsuite name="SILab2Test" tests="1" skipped="0" failures="0" errors="0" timestamp="2023-05-23T14:37:05" hostname="DESKTOP-JMHDGRE" time="0.022">
  <properties/>
  <testcase name="multipleConditionsForFunction()" classname="SILab2Test" time="0.022"/>
  <system-out><![CDATA[]]></system-out>
  <system-err><![CDATA[]]></system-err>
</testsuite>
